#
# There is insufficient memory for the Java Runtime Environment to continue.
# Native memory allocation (malloc) failed to allocate 32744 bytes for ChunkPool::allocate
# Possible reasons:
#   The system is out of physical RAM or swap space
#   The process is running with CompressedOops enabled, and the Java Heap may be blocking the growth of the native heap
# Possible solutions:
#   Reduce memory load on the system
#   Increase physical memory or swap space
#   Check if swap backing store is full
#   Decrease Java heap size (-Xmx/-Xms)
#   Decrease number of Java threads
#   Decrease Java thread stack sizes (-Xss)
#   Set larger code cache with -XX:ReservedCodeCacheSize=
#   JVM is running with Zero Based Compressed Oops mode in which the Java heap is
#     placed in the first 32GB address space. The Java Heap base address is the
#     maximum limit for the native heap growth. Please use -XX:HeapBaseMinAddress
#     to set the Java Heap base and to place the Java Heap above 32GB virtual address.
# This output file may be truncated or incomplete.
#
#  Out of Memory Error (arena.cpp:78), pid=8656, tid=30704
#
# JRE version: OpenJDK Runtime Environment Microsoft-8035246 (17.0.8+7) (build 17.0.8+7-LTS)
# Java VM: OpenJDK 64-Bit Server VM Microsoft-8035246 (17.0.8+7-LTS, mixed mode, sharing, tiered, compressed oops, compressed class ptrs, g1 gc, windows-amd64)
# No core dump will be written. Minidumps are not enabled by default on client versions of Windows
#

---------------  S U M M A R Y ------------

Command Line: -javaagent:C:\Program Files\JetBrains\IntelliJ IDEA 2023.1.4\lib\idea_rt.jar=64930:C:\Program Files\JetBrains\IntelliJ IDEA 2023.1.4\bin -Dfile.encoding=UTF-8 --module-path=C:\Users\Kirk\.m2\repository\org\openjfx\javafx-graphics\17.0.6\javafx-graphics-17.0.6-win.jar;C:\Users\Kirk\.m2\repository\org\openjfx\javafx-base\17.0.6\javafx-base-17.0.6-win.jar;C:\Users\Kirk\.m2\repository\org\openjfx\javafx-controls\17.0.6\javafx-controls-17.0.6-win.jar;C:\Users\Kirk\.m2\repository\org\openjfx\javafx-fxml\17.0.6\javafx-fxml-17.0.6-win.jar;D:\movies\TextEditor\target\classes -Djdk.module.main=com.example.texteditor com.example.texteditor/com.example.texteditor.HelloApplication

Host: 11th Gen Intel(R) Core(TM) i7-1185G7 @ 3.00GHz, 8 cores, 15G,  Windows 11 , 64 bit Build 22621 (10.0.22621.3235)
Time: Wed Mar 20 08:34:48 2024 Coordinated Universal Time elapsed time: 0.117102 seconds (0d 0h 0m 0s)

---------------  T H R E A D  ---------------

Current thread (0x0000022445c133f0):  JavaThread "C1 CompilerThread0" daemon [_thread_in_native, id=30704, stack(0x0000007de4100000,0x0000007de4200000)]


Current CompileTask:
C1:    117  300       3       java.util.HashMap::resize (356 bytes)

Stack: [0x0000007de4100000,0x0000007de4200000]
Native frames: (J=compiled Java code, j=interpreted, Vv=VM code, C=native code)
V  [jvm.dll+0x67bf3a]
V  [jvm.dll+0x83a024]
V  [jvm.dll+0x83b7ce]
V  [jvm.dll+0x83be33]
V  [jvm.dll+0x24785f]
V  [jvm.dll+0xac5dc]
V  [jvm.dll+0xac98c]
V  [jvm.dll+0x17cfaf]
V  [jvm.dll+0x17bb3b]
V  [jvm.dll+0x136293]
V  [jvm.dll+0x135b8f]
V  [jvm.dll+0x135dc6]
V  [jvm.dll+0x13525a]
V  [jvm.dll+0x136f21]
V  [jvm.dll+0x2291ea]
V  [jvm.dll+0x22724c]
V  [jvm.dll+0x7efd0c]
V  [jvm.dll+0x7ea13a]
V  [jvm.dll+0x67ad85]
C  [ucrtbase.dll+0x29363]
C  [KERNEL32.DLL+0x1257d]
C  [ntdll.dll+0x5aa58]


---------------  P R O C E S S  ---------------

Threads class SMR info:
_java_thread_list=0x000002248b84a720, length=15, elements={
0x0000022422caf4d0, 0x0000022445af5380, 0x0000022445af5f40, 0x0000022445c0cb40,
0x0000022445c0d700, 0x0000022445c101d0, 0x0000022445c10b90, 0x0000022445c12940,
0x0000022445c133f0, 0x0000022445c15b40, 0x0000022445ae1e90, 0x0000022445de8790,
0x0000022445dd7c60, 0x000002248b84f300, 0x000002248b84f7e0
}

Java Threads: ( => current thread )
  0x0000022422caf4d0 JavaThread "main" [_thread_in_native, id=19632, stack(0x0000007de3300000,0x0000007de3400000)]
  0x0000022445af5380 JavaThread "Reference Handler" daemon [_thread_blocked, id=16340, stack(0x0000007de3a00000,0x0000007de3b00000)]
  0x0000022445af5f40 JavaThread "Finalizer" daemon [_thread_blocked, id=34732, stack(0x0000007de3b00000,0x0000007de3c00000)]
  0x0000022445c0cb40 JavaThread "Signal Dispatcher" daemon [_thread_blocked, id=27624, stack(0x0000007de3c00000,0x0000007de3d00000)]
  0x0000022445c0d700 JavaThread "Attach Listener" daemon [_thread_blocked, id=19584, stack(0x0000007de3d00000,0x0000007de3e00000)]
  0x0000022445c101d0 JavaThread "Service Thread" daemon [_thread_blocked, id=24900, stack(0x0000007de3e00000,0x0000007de3f00000)]
  0x0000022445c10b90 JavaThread "Monitor Deflation Thread" daemon [_thread_blocked, id=9820, stack(0x0000007de3f00000,0x0000007de4000000)]
  0x0000022445c12940 JavaThread "C2 CompilerThread0" daemon [_thread_in_native, id=14124, stack(0x0000007de4000000,0x0000007de4100000)]
=>0x0000022445c133f0 JavaThread "C1 CompilerThread0" daemon [_thread_in_native, id=30704, stack(0x0000007de4100000,0x0000007de4200000)]
  0x0000022445c15b40 JavaThread "Sweeper thread" daemon [_thread_blocked, id=12436, stack(0x0000007de4200000,0x0000007de4300000)]
  0x0000022445ae1e90 JavaThread "Common-Cleaner" daemon [_thread_blocked, id=3984, stack(0x0000007de4300000,0x0000007de4400000)]
  0x0000022445de8790 JavaThread "C2 CompilerThread1" daemon [_thread_in_native, id=19024, stack(0x0000007de4400000,0x0000007de4500000)]
  0x0000022445dd7c60 JavaThread "C2 CompilerThread2" daemon [_thread_in_native, id=5548, stack(0x0000007de4500000,0x0000007de4600000)]
  0x000002248b84f300 JavaThread "Monitor Ctrl-Break" daemon [_thread_in_vm, id=30736, stack(0x0000007de4600000,0x0000007de4700000)]
  0x000002248b84f7e0 JavaThread "Notification Thread" daemon [_thread_blocked, id=5464, stack(0x0000007de4700000,0x0000007de4800000)]

Other Threads:
  0x0000022445af28e0 VMThread "VM Thread" [stack: 0x0000007de3900000,0x0000007de3a00000] [id=31372]
  0x0000022422d4f620 WatcherThread [stack: 0x0000007de4800000,0x0000007de4900000] [id=32464]
  0x0000022422d1b990 GCTaskThread "GC Thread#0" [stack: 0x0000007de3400000,0x0000007de3500000] [id=29688]
  0x0000022422d2c4b0 ConcurrentGCThread "G1 Main Marker" [stack: 0x0000007de3500000,0x0000007de3600000] [id=22908]
  0x0000022422d2cec0 ConcurrentGCThread "G1 Conc#0" [stack: 0x0000007de3600000,0x0000007de3700000] [id=31344]
  0x00000224459aa9e0 ConcurrentGCThread "G1 Refine#0" [stack: 0x0000007de3700000,0x0000007de3800000] [id=27108]
  0x00000224459ab410 ConcurrentGCThread "G1 Service" [stack: 0x0000007de3800000,0x0000007de3900000] [id=25576]

Threads with active compile tasks:
C2 CompilerThread0      135  287       4       java.lang.String::replace (42 bytes)
C1 CompilerThread0      135  300       3       java.util.HashMap::resize (356 bytes)
C2 CompilerThread1      135  289       4       java.util.stream.ReferencePipeline$2$1::accept (27 bytes)
C2 CompilerThread2      135  252       4       java.util.stream.ReferencePipeline$3$1::accept (23 bytes)

VM state: not at safepoint (normal execution)

VM Mutex/Monitor currently owned by a thread: None

Heap address: 0x0000000704200000, size: 4030 MB, Compressed Oops mode: Zero based, Oop shift amount: 3

CDS archive(s) mapped at: [0x0000022446000000-0x0000022446bd0000-0x0000022446bd0000), size 12386304, SharedBaseAddress: 0x0000022446000000, ArchiveRelocationMode: 1.
Compressed class space mapped at: 0x0000022447000000-0x0000022487000000, reserved size: 1073741824
Narrow klass base: 0x0000022446000000, Narrow klass shift: 0, Narrow klass range: 0x100000000

GC Precious Log:
 CPUs: 8 total, 8 available
 Memory: 16112M
 Large Page Support: Disabled
 NUMA Support: Disabled
 Compressed Oops: Enabled (Zero based)
 Heap Region Size: 2M
 Heap Min Capacity: 8M
 Heap Initial Capacity: 252M
 Heap Max Capacity: 4030M
 Pre-touch: Disabled
 Parallel Workers: 8
 Concurrent Workers: 2
 Concurrent Refinement Workers: 8
 Periodic GC: Disabled

Heap:
 garbage-first heap   total 258048K, used 6144K [0x0000000704200000, 0x0000000800000000)
  region size 2048K, 4 young (8192K), 0 survivors (0K)
 Metaspace       used 850K, committed 1024K, reserved 1114112K
  class space    used 72K, committed 192K, reserved 1048576K

Heap Regions: E=young(eden), S=young(survivor), O=old, HS=humongous(starts), HC=humongous(continues), CS=collection set, F=free, OA=open archive, CA=closed archive, TAMS=top-at-mark-start (previous, next)
|   0|0x0000000704200000, 0x0000000704200000, 0x0000000704400000|  0%| F|  |TAMS 0x0000000704200000, 0x0000000704200000| Untracked 
|   1|0x0000000704400000, 0x0000000704400000, 0x0000000704600000|  0%| F|  |TAMS 0x0000000704400000, 0x0000000704400000| Untracked 
|   2|0x0000000704600000, 0x0000000704600000, 0x0000000704800000|  0%| F|  |TAMS 0x0000000704600000, 0x0000000704600000| Untracked 
|   3|0x0000000704800000, 0x0000000704800000, 0x0000000704a00000|  0%| F|  |TAMS 0x0000000704800000, 0x0000000704800000| Untracked 
|   4|0x0000000704a00000, 0x0000000704a00000, 0x0000000704c00000|  0%| F|  |TAMS 0x0000000704a00000, 0x0000000704a00000| Untracked 
|   5|0x0000000704c00000, 0x0000000704c00000, 0x0000000704e00000|  0%| F|  |TAMS 0x0000000704c00000, 0x0000000704c00000| Untracked 
|   6|0x0000000704e00000, 0x0000000704e00000, 0x0000000705000000|  0%| F|  |TAMS 0x0000000704e00000, 0x0000000704e00000| Untracked 
|   7|0x0000000705000000, 0x0000000705000000, 0x0000000705200000|  0%| F|  |TAMS 0x0000000705000000, 0x0000000705000000| Untracked 
|   8|0x0000000705200000, 0x0000000705200000, 0x0000000705400000|  0%| F|  |TAMS 0x0000000705200000, 0x0000000705200000| Untracked 
|   9|0x0000000705400000, 0x0000000705400000, 0x0000000705600000|  0%| F|  |TAMS 0x0000000705400000, 0x0000000705400000| Untracked 
|  10|0x0000000705600000, 0x0000000705600000, 0x0000000705800000|  0%| F|  |TAMS 0x0000000705600000, 0x0000000705600000| Untracked 
|  11|0x0000000705800000, 0x0000000705800000, 0x0000000705a00000|  0%| F|  |TAMS 0x0000000705800000, 0x0000000705800000| Untracked 
|  12|0x0000000705a00000, 0x0000000705a00000, 0x0000000705c00000|  0%| F|  |TAMS 0x0000000705a00000, 0x0000000705a00000| Untracked 
|  13|0x0000000705c00000, 0x0000000705c00000, 0x0000000705e00000|  0%| F|  |TAMS 0x0000000705c00000, 0x0000000705c00000| Untracked 
|  14|0x0000000705e00000, 0x0000000705e00000, 0x0000000706000000|  0%| F|  |TAMS 0x0000000705e00000, 0x0000000705e00000| Untracked 
|  15|0x0000000706000000, 0x0000000706000000, 0x0000000706200000|  0%| F|  |TAMS 0x0000000706000000, 0x0000000706000000| Untracked 
|  16|0x0000000706200000, 0x0000000706200000, 0x0000000706400000|  0%| F|  |TAMS 0x0000000706200000, 0x0000000706200000| Untracked 
|  17|0x0000000706400000, 0x0000000706400000, 0x0000000706600000|  0%| F|  |TAMS 0x0000000706400000, 0x0000000706400000| Untracked 
|  18|0x0000000706600000, 0x0000000706600000, 0x0000000706800000|  0%| F|  |TAMS 0x0000000706600000, 0x0000000706600000| Untracked 
|  19|0x0000000706800000, 0x0000000706800000, 0x0000000706a00000|  0%| F|  |TAMS 0x0000000706800000, 0x0000000706800000| Untracked 
|  20|0x0000000706a00000, 0x0000000706a00000, 0x0000000706c00000|  0%| F|  |TAMS 0x0000000706a00000, 0x0000000706a00000| Untracked 
|  21|0x0000000706c00000, 0x0000000706c00000, 0x0000000706e00000|  0%| F|  |TAMS 0x0000000706c00000, 0x0000000706c00000| Untracked 
|  22|0x0000000706e00000, 0x0000000706e00000, 0x0000000707000000|  0%| F|  |TAMS 0x0000000706e00000, 0x0000000706e00000| Untracked 
|  23|0x0000000707000000, 0x0000000707000000, 0x0000000707200000|  0%| F|  |TAMS 0x0000000707000000, 0x0000000707000000| Untracked 
|  24|0x0000000707200000, 0x0000000707200000, 0x0000000707400000|  0%| F|  |TAMS 0x0000000707200000, 0x0000000707200000| Untracked 
|  25|0x0000000707400000, 0x0000000707400000, 0x0000000707600000|  0%| F|  |TAMS 0x0000000707400000, 0x0000000707400000| Untracked 
|  26|0x0000000707600000, 0x0000000707600000, 0x0000000707800000|  0%| F|  |TAMS 0x0000000707600000, 0x0000000707600000| Untracked 
|  27|0x0000000707800000, 0x0000000707800000, 0x0000000707a00000|  0%| F|  |TAMS 0x0000000707800000, 0x0000000707800000| Untracked 
|  28|0x0000000707a00000, 0x0000000707a00000, 0x0000000707c00000|  0%| F|  |TAMS 0x0000000707a00000, 0x0000000707a00000| Untracked 
|  29|0x0000000707c00000, 0x0000000707c00000, 0x0000000707e00000|  0%| F|  |TAMS 0x0000000707c00000, 0x0000000707c00000| Untracked 
|  30|0x0000000707e00000, 0x0000000707e00000, 0x0000000708000000|  0%| F|  |TAMS 0x0000000707e00000, 0x0000000707e00000| Untracked 
|  31|0x0000000708000000, 0x0000000708000000, 0x0000000708200000|  0%| F|  |TAMS 0x0000000708000000, 0x0000000708000000| Untracked 
|  32|0x0000000708200000, 0x0000000708200000, 0x0000000708400000|  0%| F|  |TAMS 0x0000000708200000, 0x0000000708200000| Untracked 
|  33|0x0000000708400000, 0x0000000708400000, 0x0000000708600000|  0%| F|  |TAMS 0x0000000708400000, 0x0000000708400000| Untracked 
|  34|0x0000000708600000, 0x0000000708600000, 0x0000000708800000|  0%| F|  |TAMS 0x0000000708600000, 0x0000000708600000| Untracked 
|  35|0x0000000708800000, 0x0000000708800000, 0x0000000708a00000|  0%| F|  |TAMS 0x0000000708800000, 0x0000000708800000| Untracked 
|  36|0x0000000708a00000, 0x0000000708a00000, 0x0000000708c00000|  0%| F|  |TAMS 0x0000000708a00000, 0x0000000708a00000| Untracked 
|  37|0x0000000708c00000, 0x0000000708c00000, 0x0000000708e00000|  0%| F|  |TAMS 0x0000000708c00000, 0x0000000708c00000| Untracked 
|  38|0x0000000708e00000, 0x0000000708e00000, 0x0000000709000000|  0%| F|  |TAMS 0x0000000708e00000, 0x0000000708e00000| Untracked 
|  39|0x0000000709000000, 0x0000000709000000, 0x0000000709200000|  0%| F|  |TAMS 0x0000000709000000, 0x0000000709000000| Untracked 
|  40|0x0000000709200000, 0x0000000709200000, 0x0000000709400000|  0%| F|  |TAMS 0x0000000709200000, 0x0000000709200000| Untracked 
|  41|0x0000000709400000, 0x0000000709400000, 0x0000000709600000|  0%| F|  |TAMS 0x0000000709400000, 0x0000000709400000| Untracked 
|  42|0x0000000709600000, 0x0000000709600000, 0x0000000709800000|  0%| F|  |TAMS 0x0000000709600000, 0x0000000709600000| Untracked 
|  43|0x0000000709800000, 0x0000000709800000, 0x0000000709a00000|  0%| F|  |TAMS 0x0000000709800000, 0x0000000709800000| Untracked 
|  44|0x0000000709a00000, 0x0000000709a00000, 0x0000000709c00000|  0%| F|  |TAMS 0x0000000709a00000, 0x0000000709a00000| Untracked 
|  45|0x0000000709c00000, 0x0000000709c00000, 0x0000000709e00000|  0%| F|  |TAMS 0x0000000709c00000, 0x0000000709c00000| Untracked 
|  46|0x0000000709e00000, 0x0000000709e00000, 0x000000070a000000|  0%| F|  |TAMS 0x0000000709e00000, 0x0000000709e00000| Untracked 
|  47|0x000000070a000000, 0x000000070a000000, 0x000000070a200000|  0%| F|  |TAMS 0x000000070a000000, 0x000000070a000000| Untracked 
|  48|0x000000070a200000, 0x000000070a200000, 0x000000070a400000|  0%| F|  |TAMS 0x000000070a200000, 0x000000070a200000| Untracked 
|  49|0x000000070a400000, 0x000000070a400000, 0x000000070a600000|  0%| F|  |TAMS 0x000000070a400000, 0x000000070a400000| Untracked 
|  50|0x000000070a600000, 0x000000070a600000, 0x000000070a800000|  0%| F|  |TAMS 0x000000070a600000, 0x000000070a600000| Untracked 
|  51|0x000000070a800000, 0x000000070a800000, 0x000000070aa00000|  0%| F|  |TAMS 0x000000070a800000, 0x000000070a800000| Untracked 
|  52|0x000000070aa00000, 0x000000070aa00000, 0x000000070ac00000|  0%| F|  |TAMS 0x000000070aa00000, 0x000000070aa00000| Untracked 
|  53|0x000000070ac00000, 0x000000070ac00000, 0x000000070ae00000|  0%| F|  |TAMS 0x000000070ac00000, 0x000000070ac00000| Untracked 
|  54|0x000000070ae00000, 0x000000070ae00000, 0x000000070b000000|  0%| F|  |TAMS 0x000000070ae00000, 0x000000070ae00000| Untracked 
|  55|0x000000070b000000, 0x000000070b000000, 0x000000070b200000|  0%| F|  |TAMS 0x000000070b000000, 0x000000070b000000| Untracked 
|  56|0x000000070b200000, 0x000000070b200000, 0x000000070b400000|  0%| F|  |TAMS 0x000000070b200000, 0x000000070b200000| Untracked 
|  57|0x000000070b400000, 0x000000070b400000, 0x000000070b600000|  0%| F|  |TAMS 0x000000070b400000, 0x000000070b400000| Untracked 
|  58|0x000000070b600000, 0x000000070b600000, 0x000000070b800000|  0%| F|  |TAMS 0x000000070b600000, 0x000000070b600000| Untracked 
|  59|0x000000070b800000, 0x000000070b800000, 0x000000070ba00000|  0%| F|  |TAMS 0x000000070b800000, 0x000000070b800000| Untracked 
|  60|0x000000070ba00000, 0x000000070ba00000, 0x000000070bc00000|  0%| F|  |TAMS 0x000000070ba00000, 0x000000070ba00000| Untracked 
|  61|0x000000070bc00000, 0x000000070bc00000, 0x000000070be00000|  0%| F|  |TAMS 0x000000070bc00000, 0x000000070bc00000| Untracked 
|  62|0x000000070be00000, 0x000000070be00000, 0x000000070c000000|  0%| F|  |TAMS 0x000000070be00000, 0x000000070be00000| Untracked 
|  63|0x000000070c000000, 0x000000070c000000, 0x000000070c200000|  0%| F|  |TAMS 0x000000070c000000, 0x000000070c000000| Untracked 
|  64|0x000000070c200000, 0x000000070c200000, 0x000000070c400000|  0%| F|  |TAMS 0x000000070c200000, 0x000000070c200000| Untracked 
|  65|0x000000070c400000, 0x000000070c400000, 0x000000070c600000|  0%| F|  |TAMS 0x000000070c400000, 0x000000070c400000| Untracked 
|  66|0x000000070c600000, 0x000000070c600000, 0x000000070c800000|  0%| F|  |TAMS 0x000000070c600000, 0x000000070c600000| Untracked 
|  67|0x000000070c800000, 0x000000070c800000, 0x000000070ca00000|  0%| F|  |TAMS 0x000000070c800000, 0x000000070c800000| Untracked 
|  68|0x000000070ca00000, 0x000000070ca00000, 0x000000070cc00000|  0%| F|  |TAMS 0x000000070ca00000, 0x000000070ca00000| Untracked 
|  69|0x000000070cc00000, 0x000000070cc00000, 0x000000070ce00000|  0%| F|  |TAMS 0x000000070cc00000, 0x000000070cc00000| Untracked 
|  70|0x000000070ce00000, 0x000000070ce00000, 0x000000070d000000|  0%| F|  |TAMS 0x000000070ce00000, 0x000000070ce00000| Untracked 
|  71|0x000000070d000000, 0x000000070d000000, 0x000000070d200000|  0%| F|  |TAMS 0x000000070d000000, 0x000000070d000000| Untracked 
|  72|0x000000070d200000, 0x000000070d200000, 0x000000070d400000|  0%| F|  |TAMS 0x000000070d200000, 0x000000070d200000| Untracked 
|  73|0x000000070d400000, 0x000000070d400000, 0x000000070d600000|  0%| F|  |TAMS 0x000000070d400000, 0x000000070d400000| Untracked 
|  74|0x000000070d600000, 0x000000070d600000, 0x000000070d800000|  0%| F|  |TAMS 0x000000070d600000, 0x000000070d600000| Untracked 
|  75|0x000000070d800000, 0x000000070d800000, 0x000000070da00000|  0%| F|  |TAMS 0x000000070d800000, 0x000000070d800000| Untracked 
|  76|0x000000070da00000, 0x000000070da00000, 0x000000070dc00000|  0%| F|  |TAMS 0x000000070da00000, 0x000000070da00000| Untracked 
|  77|0x000000070dc00000, 0x000000070dc00000, 0x000000070de00000|  0%| F|  |TAMS 0x000000070dc00000, 0x000000070dc00000| Untracked 
|  78|0x000000070de00000, 0x000000070de00000, 0x000000070e000000|  0%| F|  |TAMS 0x000000070de00000, 0x000000070de00000| Untracked 
|  79|0x000000070e000000, 0x000000070e000000, 0x000000070e200000|  0%| F|  |TAMS 0x000000070e000000, 0x000000070e000000| Untracked 
|  80|0x000000070e200000, 0x000000070e200000, 0x000000070e400000|  0%| F|  |TAMS 0x000000070e200000, 0x000000070e200000| Untracked 
|  81|0x000000070e400000, 0x000000070e400000, 0x000000070e600000|  0%| F|  |TAMS 0x000000070e400000, 0x000000070e400000| Untracked 
|  82|0x000000070e600000, 0x000000070e600000, 0x000000070e800000|  0%| F|  |TAMS 0x000000070e600000, 0x000000070e600000| Untracked 
|  83|0x000000070e800000, 0x000000070e800000, 0x000000070ea00000|  0%| F|  |TAMS 0x000000070e800000, 0x000000070e800000| Untracked 
|  84|0x000000070ea00000, 0x000000070ea00000, 0x000000070ec00000|  0%| F|  |TAMS 0x000000070ea00000, 0x000000070ea00000| Untracked 
|  85|0x000000070ec00000, 0x000000070ec00000, 0x000000070ee00000|  0%| F|  |TAMS 0x000000070ec00000, 0x000000070ec00000| Untracked 
|  86|0x000000070ee00000, 0x000000070ee00000, 0x000000070f000000|  0%| F|  |TAMS 0x000000070ee00000, 0x000000070ee00000| Untracked 
|  87|0x000000070f000000, 0x000000070f000000, 0x000000070f200000|  0%| F|  |TAMS 0x000000070f000000, 0x000000070f000000| Untracked 
|  88|0x000000070f200000, 0x000000070f200000, 0x000000070f400000|  0%| F|  |TAMS 0x000000070f200000, 0x000000070f200000| Untracked 
|  89|0x000000070f400000, 0x000000070f400000, 0x000000070f600000|  0%| F|  |TAMS 0x000000070f400000, 0x000000070f400000| Untracked 
|  90|0x000000070f600000, 0x000000070f600000, 0x000000070f800000|  0%| F|  |TAMS 0x000000070f600000, 0x000000070f600000| Untracked 
|  91|0x000000070f800000, 0x000000070f800000, 0x000000070fa00000|  0%| F|  |TAMS 0x000000070f800000, 0x000000070f800000| Untracked 
|  92|0x000000070fa00000, 0x000000070fa00000, 0x000000070fc00000|  0%| F|  |TAMS 0x000000070fa00000, 0x000000070fa00000| Untracked 
|  93|0x000000070fc00000, 0x000000070fc00000, 0x000000070fe00000|  0%| F|  |TAMS 0x000000070fc00000, 0x000000070fc00000| Untracked 
|  94|0x000000070fe00000, 0x000000070fe00000, 0x0000000710000000|  0%| F|  |TAMS 0x000000070fe00000, 0x000000070fe00000| Untracked 
|  95|0x0000000710000000, 0x0000000710000000, 0x0000000710200000|  0%| F|  |TAMS 0x0000000710000000, 0x0000000710000000| Untracked 
|  96|0x0000000710200000, 0x0000000710200000, 0x0000000710400000|  0%| F|  |TAMS 0x0000000710200000, 0x0000000710200000| Untracked 
|  97|0x0000000710400000, 0x0000000710400000, 0x0000000710600000|  0%| F|  |TAMS 0x0000000710400000, 0x0000000710400000| Untracked 
|  98|0x0000000710600000, 0x0000000710600000, 0x0000000710800000|  0%| F|  |TAMS 0x0000000710600000, 0x0000000710600000| Untracked 
|  99|0x0000000710800000, 0x0000000710800000, 0x0000000710a00000|  0%| F|  |TAMS 0x0000000710800000, 0x0000000710800000| Untracked 
| 100|0x0000000710a00000, 0x0000000710a00000, 0x0000000710c00000|  0%| F|  |TAMS 0x0000000710a00000, 0x0000000710a00000| Untracked 
| 101|0x0000000710c00000, 0x0000000710c00000, 0x0000000710e00000|  0%| F|  |TAMS 0x0000000710c00000, 0x0000000710c00000| Untracked 
| 102|0x0000000710e00000, 0x0000000710e00000, 0x0000000711000000|  0%| F|  |TAMS 0x0000000710e00000, 0x0000000710e00000| Untracked 
| 103|0x0000000711000000, 0x0000000711000000, 0x0000000711200000|  0%| F|  |TAMS 0x0000000711000000, 0x0000000711000000| Untracked 
| 104|0x0000000711200000, 0x0000000711200000, 0x0000000711400000|  0%| F|  |TAMS 0x0000000711200000, 0x0000000711200000| Untracked 
| 105|0x0000000711400000, 0x0000000711400000, 0x0000000711600000|  0%| F|  |TAMS 0x0000000711400000, 0x0000000711400000| Untracked 
| 106|0x0000000711600000, 0x0000000711600000, 0x0000000711800000|  0%| F|  |TAMS 0x0000000711600000, 0x0000000711600000| Untracked 
| 107|0x0000000711800000, 0x0000000711800000, 0x0000000711a00000|  0%| F|  |TAMS 0x0000000711800000, 0x0000000711800000| Untracked 
| 108|0x0000000711a00000, 0x0000000711a00000, 0x0000000711c00000|  0%| F|  |TAMS 0x0000000711a00000, 0x0000000711a00000| Untracked 
| 109|0x0000000711c00000, 0x0000000711c00000, 0x0000000711e00000|  0%| F|  |TAMS 0x0000000711c00000, 0x0000000711c00000| Untracked 
| 110|0x0000000711e00000, 0x0000000711e00000, 0x0000000712000000|  0%| F|  |TAMS 0x0000000711e00000, 0x0000000711e00000| Untracked 
| 111|0x0000000712000000, 0x0000000712000000, 0x0000000712200000|  0%| F|  |TAMS 0x0000000712000000, 0x0000000712000000| Untracked 
| 112|0x0000000712200000, 0x0000000712200000, 0x0000000712400000|  0%| F|  |TAMS 0x0000000712200000, 0x0000000712200000| Untracked 
| 113|0x0000000712400000, 0x0000000712400000, 0x0000000712600000|  0%| F|  |TAMS 0x0000000712400000, 0x0000000712400000| Untracked 
| 114|0x0000000712600000, 0x0000000712600000, 0x0000000712800000|  0%| F|  |TAMS 0x0000000712600000, 0x0000000712600000| Untracked 
| 115|0x0000000712800000, 0x0000000712800000, 0x0000000712a00000|  0%| F|  |TAMS 0x0000000712800000, 0x0000000712800000| Untracked 
| 116|0x0000000712a00000, 0x0000000712a00000, 0x0000000712c00000|  0%| F|  |TAMS 0x0000000712a00000, 0x0000000712a00000| Untracked 
| 117|0x0000000712c00000, 0x0000000712c00000, 0x0000000712e00000|  0%| F|  |TAMS 0x0000000712c00000, 0x0000000712c00000| Untracked 
| 118|0x0000000712e00000, 0x0000000712e00000, 0x0000000713000000|  0%| F|  |TAMS 0x0000000712e00000, 0x0000000712e00000| Untracked 
| 119|0x0000000713000000, 0x0000000713000000, 0x0000000713200000|  0%| F|  |TAMS 0x0000000713000000, 0x0000000713000000| Untracked 
| 120|0x0000000713200000, 0x0000000713200000, 0x0000000713400000|  0%| F|  |TAMS 0x0000000713200000, 0x0000000713200000| Untracked 
| 121|0x0000000713400000, 0x0000000713400000, 0x0000000713600000|  0%| F|  |TAMS 0x0000000713400000, 0x0000000713400000| Untracked 
| 122|0x0000000713600000, 0x000000071372c148, 0x0000000713800000| 58%| E|  |TAMS 0x0000000713600000, 0x0000000713600000| Complete 
| 123|0x0000000713800000, 0x0000000713a00000, 0x0000000713a00000|100%| E|CS|TAMS 0x0000000713800000, 0x0000000713800000| Complete 
| 124|0x0000000713a00000, 0x0000000713c00000, 0x0000000713c00000|100%| E|CS|TAMS 0x0000000713a00000, 0x0000000713a00000| Complete 
| 125|0x0000000713c00000, 0x0000000713e00000, 0x0000000713e00000|100%| E|CS|TAMS 0x0000000713c00000, 0x0000000713c00000| Complete 

Card table byte_map: [0x000002243a2b0000,0x000002243aa90000] _byte_map_base: 0x0000022436a8f000

Marking Bits (Prev, Next): (CMBitMap*) 0x0000022422d1bfb0, (CMBitMap*) 0x0000022422d1bff0
 Prev Bits: [0x000002243b270000, 0x000002243f168000)
 Next Bits: [0x000002243f170000, 0x0000022443068000)

Polling page: 0x0000022422460000

Metaspace:

Usage:
  Non-class:    926.52 KB used.
      Class:     86.06 KB used.
       Both:   1012.59 KB used.

Virtual space:
  Non-class space:       64.00 MB reserved,     960.00 KB (  1%) committed,  1 nodes.
      Class space:        1.00 GB reserved,     192.00 KB ( <1%) committed,  1 nodes.
             Both:        1.06 GB reserved,       1.12 MB ( <1%) committed. 

Chunk freelists:
   Non-Class:  11.94 MB
       Class:  15.74 MB
        Both:  27.68 MB

MaxMetaspaceSize: unlimited
CompressedClassSpaceSize: 1.00 GB
Initial GC threshold: 21.00 MB
Current GC threshold: 21.00 MB
CDS: on
MetaspaceReclaimPolicy: balanced
 - commit_granule_bytes: 65536.
 - commit_granule_words: 8192.
 - virtual_space_node_default_size: 8388608.
 - enlarge_chunks_in_place: 1.
 - new_chunks_are_fully_committed: 0.
 - uncommit_free_chunks: 1.
 - use_allocation_guard: 0.
 - handle_deallocations: 1.


Internal statistics:

num_allocs_failed_limit: 0.
num_arena_births: 12.
num_arena_deaths: 0.
num_vsnodes_births: 2.
num_vsnodes_deaths: 0.
num_space_committed: 18.
num_space_uncommitted: 0.
num_chunks_returned_to_freelist: 0.
num_chunks_taken_from_freelist: 19.
num_chunk_merges: 0.
num_chunk_splits: 13.
num_chunks_enlarged: 6.
num_inconsistent_stats: 0.

CodeHeap 'non-profiled nmethods': size=120000Kb used=87Kb max_used=87Kb free=119912Kb
 bounds [0x0000022432270000, 0x00000224324e0000, 0x00000224397a0000]
CodeHeap 'profiled nmethods': size=120000Kb used=442Kb max_used=442Kb free=119557Kb
 bounds [0x000002242a7a0000, 0x000002242aa10000, 0x0000022431cd0000]
CodeHeap 'non-nmethods': size=5760Kb used=1135Kb max_used=1136Kb free=4624Kb
 bounds [0x0000022431cd0000, 0x0000022431f40000, 0x0000022432270000]
 total_blobs=699 nmethods=295 adapters=317
 compilation: enabled
              stopped_count=0, restarted_count=0
 full_count=0

Compilation events (20 events):
Event: 0.112 Thread 0x0000022445c133f0  288       3       java.util.Arrays::copyOf (19 bytes)
Event: 0.112 Thread 0x0000022445de8790  289       4       java.util.stream.ReferencePipeline$2$1::accept (27 bytes)
Event: 0.112 Thread 0x0000022445c133f0 nmethod 288 0x000002242a809310 code [0x000002242a8094c0, 0x000002242a8097a8]
Event: 0.112 Thread 0x0000022445c133f0  290   !   3       sun.nio.fs.WindowsPath::initOffsets (153 bytes)
Event: 0.114 Thread 0x0000022445c133f0 nmethod 290 0x000002242a809910 code [0x000002242a809d00, 0x000002242a80bff8]
Event: 0.114 Thread 0x0000022445c133f0  294       3       jdk.internal.org.objectweb.asm.Symbol::<init> (38 bytes)
Event: 0.114 Thread 0x0000022445c133f0 nmethod 294 0x000002242a80cd10 code [0x000002242a80cec0, 0x000002242a80d178]
Event: 0.114 Thread 0x0000022445c133f0  295       3       jdk.internal.org.objectweb.asm.SymbolTable::put (150 bytes)
Event: 0.114 Thread 0x0000022445c133f0 nmethod 295 0x000002242a80d290 code [0x000002242a80d480, 0x000002242a80dd58]
Event: 0.114 Thread 0x0000022445c133f0  296       3       java.util.concurrent.ConcurrentHashMap::casTabAt (21 bytes)
Event: 0.114 Thread 0x0000022445c133f0 nmethod 296 0x000002242a80e010 code [0x000002242a80e1a0, 0x000002242a80e318]
Event: 0.114 Thread 0x0000022445c133f0  291       1       sun.nio.fs.NativeBuffer::address (5 bytes)
Event: 0.114 Thread 0x0000022445c133f0 nmethod 291 0x0000022432285390 code [0x0000022432285520, 0x00000224322855f8]
Event: 0.114 Thread 0x0000022445c133f0  293       3       java.util.AbstractSet::<init> (5 bytes)
Event: 0.114 Thread 0x0000022445c133f0 nmethod 293 0x000002242a80e390 code [0x000002242a80e540, 0x000002242a80e6f8]
Event: 0.114 Thread 0x0000022445c133f0  292       1       sun.nio.fs.WindowsPath::getFileSystem (5 bytes)
Event: 0.114 Thread 0x0000022445c133f0 nmethod 292 0x0000022432285690 code [0x0000022432285820, 0x00000224322858f8]
Event: 0.114 Thread 0x0000022445c133f0  298       3       java.util.ImmutableCollections$SetN$SetNIterator::hasNext (13 bytes)
Event: 0.114 Thread 0x0000022445c133f0 nmethod 298 0x000002242a80e810 code [0x000002242a80e9a0, 0x000002242a80eb18]
Event: 0.114 Thread 0x0000022445c133f0  300       3       java.util.HashMap::resize (356 bytes)

GC Heap History (0 events):
No events

Dll operation events (5 events):
Event: 0.006 Loaded shared library C:\Program Files\Microsoft\jdk-17.0.8.7-hotspot\bin\java.dll
Event: 0.043 Loaded shared library C:\Program Files\Microsoft\jdk-17.0.8.7-hotspot\bin\jsvml.dll
Event: 0.066 Loaded shared library C:\Program Files\Microsoft\jdk-17.0.8.7-hotspot\bin\net.dll
Event: 0.067 Loaded shared library C:\Program Files\Microsoft\jdk-17.0.8.7-hotspot\bin\nio.dll
Event: 0.071 Loaded shared library C:\Program Files\Microsoft\jdk-17.0.8.7-hotspot\bin\zip.dll

Deoptimization events (20 events):
Event: 0.096 Thread 0x0000022422caf4d0 DEOPT PACKING pc=0x000002242a7cb656 sp=0x0000007de33fdd40
Event: 0.096 Thread 0x0000022422caf4d0 DEOPT UNPACKING pc=0x0000022431d2ace3 sp=0x0000007de33fd1c8 mode 0
Event: 0.096 Thread 0x0000022422caf4d0 DEOPT PACKING pc=0x000002242a7cb656 sp=0x0000007de33fdd40
Event: 0.096 Thread 0x0000022422caf4d0 DEOPT UNPACKING pc=0x0000022431d2ace3 sp=0x0000007de33fd1c8 mode 0
Event: 0.096 Thread 0x0000022422caf4d0 DEOPT PACKING pc=0x000002242a7cb656 sp=0x0000007de33fdd40
Event: 0.096 Thread 0x0000022422caf4d0 DEOPT UNPACKING pc=0x0000022431d2ace3 sp=0x0000007de33fd1c8 mode 0
Event: 0.098 Thread 0x0000022422caf4d0 Uncommon trap: trap_request=0xffffff45 fr.pc=0x000002243227bbc8 relative=0x00000000000004a8
Event: 0.098 Thread 0x0000022422caf4d0 Uncommon trap: reason=unstable_if action=reinterpret pc=0x000002243227bbc8 method=java.lang.StringLatin1.replace([BCC)Ljava/lang/String; @ 19 c2
Event: 0.098 Thread 0x0000022422caf4d0 DEOPT PACKING pc=0x000002243227bbc8 sp=0x0000007de33fe300
Event: 0.098 Thread 0x0000022422caf4d0 DEOPT UNPACKING pc=0x0000022431d2a1a3 sp=0x0000007de33fe280 mode 2
Event: 0.101 Thread 0x0000022422caf4d0 Uncommon trap: trap_request=0xffffff45 fr.pc=0x000002243227deec relative=0x000000000000062c
Event: 0.101 Thread 0x0000022422caf4d0 Uncommon trap: reason=unstable_if action=reinterpret pc=0x000002243227deec method=java.lang.CharacterDataLatin1.isJavaIdentifierPart(I)Z @ 11 c2
Event: 0.101 Thread 0x0000022422caf4d0 DEOPT PACKING pc=0x000002243227deec sp=0x0000007de33fdcf0
Event: 0.102 Thread 0x0000022422caf4d0 DEOPT UNPACKING pc=0x0000022431d2a1a3 sp=0x0000007de33fdbc0 mode 2
Event: 0.103 Thread 0x0000022422caf4d0 DEOPT PACKING pc=0x000002242a7a8967 sp=0x0000007de33fdce0
Event: 0.103 Thread 0x0000022422caf4d0 DEOPT UNPACKING pc=0x0000022431d2ace3 sp=0x0000007de33fd100 mode 0
Event: 0.112 Thread 0x0000022422caf4d0 Uncommon trap: trap_request=0xffffff45 fr.pc=0x000002243228175c relative=0x000000000000005c
Event: 0.112 Thread 0x0000022422caf4d0 Uncommon trap: reason=unstable_if action=reinterpret pc=0x000002243228175c method=java.lang.String.isEmpty()Z @ 5 c2
Event: 0.112 Thread 0x0000022422caf4d0 DEOPT PACKING pc=0x000002243228175c sp=0x0000007de33fdc00
Event: 0.112 Thread 0x0000022422caf4d0 DEOPT UNPACKING pc=0x0000022431d2a1a3 sp=0x0000007de33fdb90 mode 2

Classes unloaded (0 events):
No events

Classes redefined (0 events):
No events

Internal exceptions (1 events):
Event: 0.109 Thread 0x0000022422caf4d0 Exception <a 'java/lang/NoSuchMethodError'{0x000000071398f360}: 'void java.lang.invoke.DirectMethodHandle$Holder.invokeVirtual(java.lang.Object, java.lang.Object)'> (0x000000071398f360) 
thrown [s\src\hotspot\share\interpreter\linkResolver.cpp, line 759]

VM Operations (4 events):
Event: 0.115 Executing VM operation: HandshakeAllThreads
Event: 0.115 Executing VM operation: HandshakeAllThreads done
Event: 0.115 Executing VM operation: HandshakeAllThreads
Event: 0.115 Executing VM operation: HandshakeAllThreads done

Events (20 events):
Event: 0.108 loading class java/nio/file/Files$AcceptAllFilter
Event: 0.108 loading class java/nio/file/DirectoryStream$Filter
Event: 0.108 loading class java/nio/file/DirectoryStream$Filter done
Event: 0.108 loading class java/nio/file/Files$AcceptAllFilter done
Event: 0.108 loading class sun/nio/fs/WindowsDirectoryStream
Event: 0.109 loading class java/nio/file/DirectoryStream
Event: 0.109 loading class java/nio/file/DirectoryStream done
Event: 0.109 loading class sun/nio/fs/WindowsDirectoryStream done
Event: 0.109 loading class java/nio/file/FileTreeWalker$DirectoryNode
Event: 0.109 loading class java/nio/file/FileTreeWalker$DirectoryNode done
Event: 0.109 loading class sun/nio/fs/WindowsDirectoryStream$WindowsDirectoryIterator
Event: 0.109 loading class sun/nio/fs/WindowsDirectoryStream$WindowsDirectoryIterator done
Event: 0.109 loading class java/nio/file/FileTreeWalker$Event
Event: 0.109 loading class java/nio/file/FileTreeWalker$Event done
Event: 0.109 loading class java/nio/file/FileTreeWalker$EventType
Event: 0.109 loading class java/nio/file/FileTreeWalker$EventType done
Event: 0.111 loading class sun/nio/fs/WindowsPath$WindowsPathWithAttributes
Event: 0.111 loading class sun/nio/fs/BasicFileAttributesHolder
Event: 0.111 loading class sun/nio/fs/BasicFileAttributesHolder done
Event: 0.111 loading class sun/nio/fs/WindowsPath$WindowsPathWithAttributes done


Dynamic libraries:
0x00007ff74da40000 - 0x00007ff74da4e000 	C:\Program Files\Microsoft\jdk-17.0.8.7-hotspot\bin\java.exe
0x00007ff8c8b30000 - 0x00007ff8c8d46000 	C:\WINDOWS\SYSTEM32\ntdll.dll
0x00007ff8c7ed0000 - 0x00007ff8c7f94000 	C:\WINDOWS\System32\KERNEL32.DLL
0x00007ff8c6170000 - 0x00007ff8c6516000 	C:\WINDOWS\System32\KERNELBASE.dll
0x00007ff8c6590000 - 0x00007ff8c66a1000 	C:\WINDOWS\System32\ucrtbase.dll
0x00007ff899800000 - 0x00007ff89981b000 	C:\Program Files\Microsoft\jdk-17.0.8.7-hotspot\bin\VCRUNTIME140.dll
0x00007ff89fde0000 - 0x00007ff89fdf7000 	C:\Program Files\Microsoft\jdk-17.0.8.7-hotspot\bin\jli.dll
0x00007ff8c6c70000 - 0x00007ff8c6e1d000 	C:\WINDOWS\System32\USER32.dll
0x00007ff89fb30000 - 0x00007ff89fdc3000 	C:\WINDOWS\WinSxS\amd64_microsoft.windows.common-controls_6595b64144ccf1df_6.0.22621.3235_none_270f74e173860f98\COMCTL32.dll
0x00007ff8c6140000 - 0x00007ff8c6166000 	C:\WINDOWS\System32\win32u.dll
0x00007ff8c6ea0000 - 0x00007ff8c6f47000 	C:\WINDOWS\System32\msvcrt.dll
0x00007ff8c7000000 - 0x00007ff8c7029000 	C:\WINDOWS\System32\GDI32.dll
0x00007ff8c66b0000 - 0x00007ff8c67c8000 	C:\WINDOWS\System32\gdi32full.dll
0x00007ff8c60a0000 - 0x00007ff8c613a000 	C:\WINDOWS\System32\msvcp_win.dll
0x00007ff8c88f0000 - 0x00007ff8c8921000 	C:\WINDOWS\System32\IMM32.DLL
0x00007ff8bc830000 - 0x00007ff8bc83c000 	C:\Program Files\Microsoft\jdk-17.0.8.7-hotspot\bin\vcruntime140_1.dll
0x00007ff889540000 - 0x00007ff8895cd000 	C:\Program Files\Microsoft\jdk-17.0.8.7-hotspot\bin\msvcp140.dll
0x00007ff807840000 - 0x00007ff8084a5000 	C:\Program Files\Microsoft\jdk-17.0.8.7-hotspot\bin\server\jvm.dll
0x00007ff8c7040000 - 0x00007ff8c70f2000 	C:\WINDOWS\System32\ADVAPI32.dll
0x00007ff8c72e0000 - 0x00007ff8c7388000 	C:\WINDOWS\System32\sechost.dll
0x00007ff8c67d0000 - 0x00007ff8c67f8000 	C:\WINDOWS\System32\bcrypt.dll
0x00007ff8c79a0000 - 0x00007ff8c7ab5000 	C:\WINDOWS\System32\RPCRT4.dll
0x00007ff8c4cc0000 - 0x00007ff8c4d0d000 	C:\WINDOWS\SYSTEM32\POWRPROF.dll
0x00007ff8ba6e0000 - 0x00007ff8ba714000 	C:\WINDOWS\SYSTEM32\WINMM.dll
0x00007ff887760000 - 0x00007ff887769000 	C:\WINDOWS\SYSTEM32\WSOCK32.dll
0x00007ff8b9bd0000 - 0x00007ff8b9bda000 	C:\WINDOWS\SYSTEM32\VERSION.dll
0x00007ff8c6e20000 - 0x00007ff8c6e91000 	C:\WINDOWS\System32\WS2_32.dll
0x00007ff8c4ca0000 - 0x00007ff8c4cb3000 	C:\WINDOWS\SYSTEM32\UMPDC.dll
0x00007ff8c4f60000 - 0x00007ff8c4f78000 	C:\WINDOWS\SYSTEM32\kernel.appcore.dll
0x00007ff8b1a90000 - 0x00007ff8b1a9a000 	C:\Program Files\Microsoft\jdk-17.0.8.7-hotspot\bin\jimage.dll
0x00007ff8c3310000 - 0x00007ff8c3543000 	C:\WINDOWS\SYSTEM32\DBGHELP.DLL
0x00007ff8c68e0000 - 0x00007ff8c6c68000 	C:\WINDOWS\System32\combase.dll
0x00007ff8c7fa0000 - 0x00007ff8c8077000 	C:\WINDOWS\System32\OLEAUT32.dll
0x00007ff8aae60000 - 0x00007ff8aae92000 	C:\WINDOWS\SYSTEM32\dbgcore.DLL
0x00007ff8c6800000 - 0x00007ff8c687a000 	C:\WINDOWS\System32\bcryptPrimitives.dll
0x00007ff897590000 - 0x00007ff89759e000 	C:\Program Files\Microsoft\jdk-17.0.8.7-hotspot\bin\instrument.dll
0x00007ff897840000 - 0x00007ff897865000 	C:\Program Files\Microsoft\jdk-17.0.8.7-hotspot\bin\java.dll
0x00007ff8893c0000 - 0x00007ff889497000 	C:\Program Files\Microsoft\jdk-17.0.8.7-hotspot\bin\jsvml.dll
0x00007ff8c8080000 - 0x00007ff8c88dd000 	C:\WINDOWS\System32\SHELL32.dll
0x00007ff8c3d90000 - 0x00007ff8c4688000 	C:\WINDOWS\SYSTEM32\windows.storage.dll
0x00007ff8c3c50000 - 0x00007ff8c3d8e000 	C:\WINDOWS\SYSTEM32\wintypes.dll
0x00007ff8c7410000 - 0x00007ff8c7503000 	C:\WINDOWS\System32\SHCORE.dll
0x00007ff8c6880000 - 0x00007ff8c68de000 	C:\WINDOWS\System32\shlwapi.dll
0x00007ff8c5da0000 - 0x00007ff8c5dc6000 	C:\WINDOWS\SYSTEM32\profapi.dll
0x00007ff8997a0000 - 0x00007ff8997b9000 	C:\Program Files\Microsoft\jdk-17.0.8.7-hotspot\bin\net.dll
0x00007ff8bc8b0000 - 0x00007ff8bc9e7000 	C:\WINDOWS\SYSTEM32\WINHTTP.dll
0x00007ff8c53d0000 - 0x00007ff8c5439000 	C:\WINDOWS\system32\mswsock.dll
0x00007ff8982c0000 - 0x00007ff8982d6000 	C:\Program Files\Microsoft\jdk-17.0.8.7-hotspot\bin\nio.dll
0x00007ff895a90000 - 0x00007ff895aa8000 	C:\Program Files\Microsoft\jdk-17.0.8.7-hotspot\bin\zip.dll
0x00007ff891b40000 - 0x00007ff891b5a000 	C:\Program Files\JetBrains\IntelliJ IDEA 2023.1.4\bin\breakgen64.dll

dbghelp: loaded successfully - version: 4.0.5 - missing functions: none
symbol engine: initialized successfully - sym options: 0x614 - pdb path: .;C:\Program Files\Microsoft\jdk-17.0.8.7-hotspot\bin;C:\WINDOWS\SYSTEM32;C:\WINDOWS\WinSxS\amd64_microsoft.windows.common-controls_6595b64144ccf1df_6.0.22621.3235_none_270f74e173860f98;C:\Program Files\Microsoft\jdk-17.0.8.7-hotspot\bin\server;C:\Program Files\JetBrains\IntelliJ IDEA 2023.1.4\bin

VM Arguments:
jvm_args: -javaagent:C:\Program Files\JetBrains\IntelliJ IDEA 2023.1.4\lib\idea_rt.jar=64930:C:\Program Files\JetBrains\IntelliJ IDEA 2023.1.4\bin -Dfile.encoding=UTF-8 --module-path=C:\Users\Kirk\.m2\repository\org\openjfx\javafx-graphics\17.0.6\javafx-graphics-17.0.6-win.jar;C:\Users\Kirk\.m2\repository\org\openjfx\javafx-base\17.0.6\javafx-base-17.0.6-win.jar;C:\Users\Kirk\.m2\repository\org\openjfx\javafx-controls\17.0.6\javafx-controls-17.0.6-win.jar;C:\Users\Kirk\.m2\repository\org\openjfx\javafx-fxml\17.0.6\javafx-fxml-17.0.6-win.jar;D:\movies\TextEditor\target\classes -Djdk.module.main=com.example.texteditor 
java_command: com.example.texteditor/com.example.texteditor.HelloApplication
java_class_path (initial): C:\Users\Kirk\.m2\repository\org\openjfx\javafx-controls\17.0.6\javafx-controls-17.0.6.jar;C:\Users\Kirk\.m2\repository\org\openjfx\javafx-graphics\17.0.6\javafx-graphics-17.0.6.jar;C:\Users\Kirk\.m2\repository\org\openjfx\javafx-base\17.0.6\javafx-base-17.0.6.jar;C:\Users\Kirk\.m2\repository\org\openjfx\javafx-fxml\17.0.6\javafx-fxml-17.0.6.jar
Launcher Type: SUN_STANDARD

[Global flags]
     intx CICompilerCount                          = 4                                         {product} {ergonomic}
     uint ConcGCThreads                            = 2                                         {product} {ergonomic}
     uint G1ConcRefinementThreads                  = 8                                         {product} {ergonomic}
   size_t G1HeapRegionSize                         = 2097152                                   {product} {ergonomic}
    uintx GCDrainStackTargetSize                   = 64                                        {product} {ergonomic}
   size_t InitialHeapSize                          = 264241152                                 {product} {ergonomic}
   size_t MarkStackSize                            = 4194304                                   {product} {ergonomic}
   size_t MaxHeapSize                              = 4225761280                                {product} {ergonomic}
   size_t MaxNewSize                               = 2535456768                                {product} {ergonomic}
   size_t MinHeapDeltaBytes                        = 2097152                                   {product} {ergonomic}
   size_t MinHeapSize                              = 8388608                                   {product} {ergonomic}
    uintx NonNMethodCodeHeapSize                   = 5839372                                {pd product} {ergonomic}
    uintx NonProfiledCodeHeapSize                  = 122909434                              {pd product} {ergonomic}
    uintx ProfiledCodeHeapSize                     = 122909434                              {pd product} {ergonomic}
    uintx ReservedCodeCacheSize                    = 251658240                              {pd product} {ergonomic}
     bool SegmentedCodeCache                       = true                                      {product} {ergonomic}
   size_t SoftMaxHeapSize                          = 4225761280                             {manageable} {ergonomic}
     bool UseCompressedClassPointers               = true                           {product lp64_product} {ergonomic}
     bool UseCompressedOops                        = true                           {product lp64_product} {ergonomic}
     bool UseG1GC                                  = true                                      {product} {ergonomic}
     bool UseLargePagesIndividualAllocation        = false                                  {pd product} {ergonomic}

Logging:
Log output configuration:
 #0: stdout all=warning uptime,level,tags
 #1: stderr all=off uptime,level,tags

Environment Variables:
JAVA_HOME=C:\Program Files\Microsoft\jdk-17.0.8.7-hotspot\
PATH=C:\Program Files\Microsoft\jdk-11.0.16.101-hotspot\bin;C:\app\Kirk\product\21c\dbhomeXE\bin;C:\Program Files\Microsoft MPI\Bin\;C:\Program Files (x86)\Microsoft SDKs\Azure\CLI2\wbin;C:\Program Files\Microsoft\jdk-17.0.8.7-hotspot\;C:\WINDOWS\system32;C:\WINDOWS;C:\WINDOWS\System32\Wbem;C:\WINDOWS\System32\WindowsPowerShell\v1.0\;C:\WINDOWS\System32\OpenSSH\;C:\Program Files\Microsoft SQL Server\150\Tools\Binn\;C:\Program Files\Microsoft SQL Server\Client SDK\ODBC\170\Tools\Binn\;C:\Program Files (x86)\Microsoft SQL Server\160\DTS\Binn\;C:\Program Files\Azure Data Studio\bin;C:\Program Files (x86)\Microsoft SQL Server\160\Tools\Binn\;C:\Program Files\Microsoft SQL Server\160\Tools\Binn\;C:\Program Files\Microsoft SQL Server\160\DTS\Binn\;C:\Program Files\Git\cmd;C:\ProgramData\chocolatey\bin;C:\Program Files\Microsoft SQL Server\Client SDK\ODBC\110\Tools\Binn\;C:\Program Files (x86)\Windows Kits\8.1\Windows Performance Toolkit\;C:\Program Files\Docker\Docker\resources\bin;C:\msys64\mingw64\bin;C:\xampp\php;C:\ProgramData\ComposerSetup\bin;C:\Program Files\Common Files\Tom Sawyer Software\10.0.0;C:\Program Files\dotnet\;C:\Sqlite;C:\Program Files\nodejs\;C:\Users\kirk\AppData\Local\Android\Sdk\platform-tools;C:\Program Files\Go\bin;C:\Program Files\GitHub CLI\;C:\Users\Kirk\AppData\Local\Programs\Python\Python311\Scripts\;C:\Users\Kirk\AppData\Local\Programs\Python\Python311\;C:\Users\Kirk\AppData\Local\Programs\Python\Python312\Scripts\;C:\Users\Kirk\AppData\Local\Programs\Python\Python312\;C:\Program Files\Microsoft\jdk-17.0.8.7-hotspot\bin;C:\Program Files\MySQL\MySQL Shell 8.0\bin\;C:\Users\Kirk\AppData\Local\Microsoft\WindowsApps;C:\Program Files\Azure Data Studio\bin;C:\Users\Kirk\AppData\Local\Programs\Microsoft VS Code\bin;C:\Program Files\JetBrains\PyCharm 2023.1.2\bin;C:\Program Files\JetBrains\WebStorm 2022.3.2\bin;C:\Program Files\JetBrains\IntelliJ IDEA 2023.1.4\bin;C:\Users\Kirk\AppData\Roaming\Composer\vendor\bin;C:\Program Files\JetBrains\PhpStorm 20
USERNAME=Kirk
OS=Windows_NT
PROCESSOR_IDENTIFIER=Intel64 Family 6 Model 140 Stepping 1, GenuineIntel
TMP=C:\Users\Kirk\AppData\Local\Temp
TEMP=C:\Users\Kirk\AppData\Local\Temp



---------------  S Y S T E M  ---------------

OS:
 Windows 11 , 64 bit Build 22621 (10.0.22621.3235)
OS uptime: 1 days 21:01 hours
Hyper-V role detected

CPU: total 8 (initial active 8) (4 cores per cpu, 2 threads per core) family 6 model 140 stepping 1 microcode 0xae, cx8, cmov, fxsr, ht, mmx, 3dnowpref, sse, sse2, sse3, ssse3, sse4.1, sse4.2, popcnt, lzcnt, tsc, tscinvbit, avx, avx2, aes, erms, clmul, bmi1, bmi2, adx, avx512f, avx512dq, avx512cd, avx512bw, avx512vl, sha, fma, vzeroupper, avx512_vpopcntdq, avx512_vpclmulqdq, avx512_vaes, avx512_vnni, clflush, clflushopt, clwb, avx512_vbmi2, avx512_vbmi, hv
Processor Information for all 8 processors :
  Max Mhz: 2995, Current Mhz: 2995, Mhz Limit: 2995

Memory: 4k page, system-wide physical 16112M (3146M free)
TotalPageFile size 24077M (AvailPageFile size 2M)
current process WorkingSet (physical memory assigned to process): 54M, peak: 54M
current process commit charge ("private bytes"): 351M, peak: 351M

vm_info: OpenJDK 64-Bit Server VM (17.0.8+7-LTS) for windows-amd64 JRE (17.0.8+7-LTS), built on Jul  7 2023 17:21:55 by "MicrosoftCorporation" with MS VC++ 16.10 / 16.11 (VS2019)

END.
